# JRE version: OpenJDK Runtime Environment (11.0.13) (build 11.0.13+0-b1751.21-8125866)
# Java VM: OpenJDK 64-Bit Server VM (11.0.13+0-b1751.21-8125866, mixed mode, tiered, compressed oops, g1 gc, windows-amd64)
Heap:
 garbage-first heap   total 221184K, used 169840K [0x0000000080000000, 0x0000000100000000)
  region size 1024K, 16 young (16384K), 3 survivors (3072K)
 Metaspace       used 105177K, capacity 107778K, committed 108032K, reserved 1142784K
  class space    used 13344K, capacity 14258K, committed 14336K, reserved 1048576K
GC Heap History (20 events):
Event: 20.607 GC heap before
{Heap before GC invocations=70 (full 0):
 garbage-first heap   total 184320K, used 144726K [0x0000000080000000, 0x0000000100000000)
  region size 1024K, 3 young (3072K), 1 survivors (1024K)
 Metaspace       used 84884K, capacity 87125K, committed 87424K, reserved 1124352K
  class space    used 10840K, capacity 11602K, committed 11648K, reserved 1048576K
}
Event: 20.609 GC heap after
{Heap after GC invocations=71 (full 0):
 garbage-first heap   total 184320K, used 145244K [0x0000000080000000, 0x0000000100000000)
  region size 1024K, 2 young (2048K), 2 survivors (2048K)
 Metaspace       used 84884K, capacity 87125K, committed 87424K, reserved 1124352K
  class space    used 10840K, capacity 11602K, committed 11648K, reserved 1048576K
}
Event: 20.744 GC heap before
{Heap before GC invocations=72 (full 0):
 garbage-first heap   total 184320K, used 155484K [0x0000000080000000, 0x0000000100000000)
  region size 1024K, 12 young (12288K), 2 survivors (2048K)
 Metaspace       used 86249K, capacity 88446K, committed 88576K, reserved 1126400K
  class space    used 10928K, capacity 11701K, committed 11776K, reserved 1048576K
}
Event: 20.746 GC heap after
{Heap after GC invocations=73 (full 0):
 garbage-first heap   total 184320K, used 144879K [0x0000000080000000, 0x0000000100000000)
  region size 1024K, 1 young (1024K), 1 survivors (1024K)
 Metaspace       used 86249K, capacity 88446K, committed 88576K, reserved 1126400K
  class space    used 10928K, capacity 11701K, committed 11776K, reserved 1048576K
}
Event: 21.315 GC heap before
{Heap before GC invocations=73 (full 0):
 garbage-first heap   total 184320K, used 156143K [0x0000000080000000, 0x0000000100000000)
  region size 1024K, 12 young (12288K), 1 survivors (1024K)
 Metaspace       used 87918K, capacity 90161K, committed 90368K, reserved 1128448K
  class space    used 11162K, capacity 11930K, committed 12032K, reserved 1048576K
}
Event: 21.318 GC heap after
{Heap after GC invocations=74 (full 0):
 garbage-first heap   total 184320K, used 145196K [0x0000000080000000, 0x0000000100000000)
  region size 1024K, 1 young (1024K), 1 survivors (1024K)
 Metaspace       used 87918K, capacity 90161K, committed 90368K, reserved 1128448K
  class space    used 11162K, capacity 11930K, committed 12032K, reserved 1048576K
}
Event: 21.551 GC heap before
{Heap before GC invocations=75 (full 0):
 garbage-first heap   total 184320K, used 157484K [0x0000000080000000, 0x0000000100000000)
  region size 1024K, 13 young (13312K), 1 survivors (1024K)
 Metaspace       used 89056K, capacity 91313K, committed 91520K, reserved 1128448K
  class space    used 11348K, capacity 12122K, committed 12160K, reserved 1048576K
}
Event: 21.554 GC heap after
{Heap after GC invocations=76 (full 0):
 garbage-first heap   total 221184K, used 145490K [0x0000000080000000, 0x0000000100000000)
  region size 1024K, 2 young (2048K), 2 survivors (2048K)
 Metaspace       used 89056K, capacity 91313K, committed 91520K, reserved 1128448K
  class space    used 11348K, capacity 12122K, committed 12160K, reserved 1048576K
}
Event: 22.292 GC heap before
{Heap before GC invocations=76 (full 0):
 garbage-first heap   total 221184K, used 170066K [0x0000000080000000, 0x0000000100000000)
  region size 1024K, 26 young (26624K), 2 survivors (2048K)
 Metaspace       used 92247K, capacity 94552K, committed 94720K, reserved 1132544K
  class space    used 11740K, capacity 12507K, committed 12544K, reserved 1048576K
}
Event: 22.296 GC heap after
{Heap after GC invocations=77 (full 0):
 garbage-first heap   total 221184K, used 146873K [0x0000000080000000, 0x0000000100000000)
  region size 1024K, 3 young (3072K), 3 survivors (3072K)
 Metaspace       used 92247K, capacity 94552K, committed 94720K, reserved 1132544K
  class space    used 11740K, capacity 12507K, committed 12544K, reserved 1048576K
}
Event: 22.997 GC heap before
{Heap before GC invocations=78 (full 0):
 garbage-first heap   total 221184K, used 171449K [0x0000000080000000, 0x0000000100000000)
  region size 1024K, 28 young (28672K), 3 survivors (3072K)
 Metaspace       used 93985K, capacity 96365K, committed 96512K, reserved 1132544K
  class space    used 11979K, capacity 12784K, committed 12800K, reserved 1048576K
}
Event: 23.002 GC heap after
{Heap after GC invocations=79 (full 0):
 garbage-first heap   total 221184K, used 148890K [0x0000000080000000, 0x0000000100000000)
  region size 1024K, 4 young (4096K), 4 survivors (4096K)
 Metaspace       used 93985K, capacity 96365K, committed 96512K, reserved 1132544K
  class space    used 11979K, capacity 12784K, committed 12800K, reserved 1048576K
}
Event: 23.980 GC heap before
{Heap before GC invocations=79 (full 0):
 garbage-first heap   total 221184K, used 175514K [0x0000000080000000, 0x0000000100000000)
  region size 1024K, 30 young (30720K), 4 survivors (4096K)
 Metaspace       used 96988K, capacity 99513K, committed 99584K, reserved 1136640K
  class space    used 12387K, capacity 13259K, committed 13312K, reserved 1048576K
}
Event: 23.985 GC heap after
{Heap after GC invocations=80 (full 0):
 garbage-first heap   total 221184K, used 150549K [0x0000000080000000, 0x0000000100000000)
  region size 1024K, 4 young (4096K), 4 survivors (4096K)
 Metaspace       used 96988K, capacity 99513K, committed 99584K, reserved 1136640K
  class space    used 12387K, capacity 13259K, committed 13312K, reserved 1048576K
}
Event: 24.966 GC heap before
{Heap before GC invocations=81 (full 0):
 garbage-first heap   total 221184K, used 178197K [0x0000000080000000, 0x0000000100000000)
  region size 1024K, 31 young (31744K), 4 survivors (4096K)
 Metaspace       used 99952K, capacity 102432K, committed 102528K, reserved 1138688K
  class space    used 12756K, capacity 13629K, committed 13696K, reserved 1048576K
}
Event: 24.973 GC heap after
{Heap after GC invocations=82 (full 0):
 garbage-first heap   total 221184K, used 153087K [0x0000000080000000, 0x0000000100000000)
  region size 1024K, 4 young (4096K), 4 survivors (4096K)
 Metaspace       used 99952K, capacity 102432K, committed 102528K, reserved 1138688K
  class space    used 12756K, capacity 13629K, committed 13696K, reserved 1048576K
}
Event: 26.544 GC heap before
{Heap before GC invocations=82 (full 0):
 garbage-first heap   total 221184K, used 180735K [0x0000000080000000, 0x0000000100000000)
  region size 1024K, 31 young (31744K), 4 survivors (4096K)
 Metaspace       used 103974K, capacity 106573K, committed 106880K, reserved 1142784K
  class space    used 13233K, capacity 14144K, committed 14208K, reserved 1048576K
}
Event: 26.553 GC heap after
{Heap after GC invocations=83 (full 0):
 garbage-first heap   total 221184K, used 156311K [0x0000000080000000, 0x0000000100000000)
  region size 1024K, 3 young (3072K), 3 survivors (3072K)
 Metaspace       used 103974K, capacity 106573K, committed 106880K, reserved 1142784K
  class space    used 13233K, capacity 14144K, committed 14208K, reserved 1048576K
}
Event: 27.351 GC heap before
{Heap before GC invocations=84 (full 0):
 garbage-first heap   total 221184K, used 181911K [0x0000000080000000, 0x0000000100000000)
  region size 1024K, 29 young (29696K), 3 survivors (3072K)
 Metaspace       used 104895K, capacity 107550K, committed 107776K, reserved 1142784K
  class space    used 13316K, capacity 14249K, committed 14336K, reserved 1048576K
}
Event: 27.356 GC heap after
{Heap after GC invocations=85 (full 0):
 garbage-first heap   total 221184K, used 158576K [0x0000000080000000, 0x0000000100000000)
  region size 1024K, 3 young (3072K), 3 survivors (3072K)
 Metaspace       used 104895K, capacity 107550K, committed 107776K, reserved 1142784K
  class space    used 13316K, capacity 14249K, committed 14336K, reserved 1048576K
}

