# JRE version: OpenJDK Runtime Environment (11.0.13) (build 11.0.13+0-b1751.21-8125866)
# Java VM: OpenJDK 64-Bit Server VM (11.0.13+0-b1751.21-8125866, mixed mode, tiered, compressed oops, g1 gc, windows-amd64)
Heap:
 garbage-first heap   total 221184K, used 180988K [0x0000000080000000, 0x0000000100000000)
  region size 1024K, 4 young (4096K), 2 survivors (2048K)
 Metaspace       used 125328K, capacity 128655K, committed 128816K, reserved 1161216K
  class space    used 15601K, capacity 16719K, committed 16768K, reserved 1048576K
GC Heap History (20 events):
Event: 47.636 GC heap before
{Heap before GC invocations=143 (full 0):
 garbage-first heap   total 221184K, used 194501K [0x0000000080000000, 0x0000000100000000)
  region size 1024K, 14 young (14336K), 1 survivors (1024K)
 Metaspace       used 120137K, capacity 123056K, committed 123184K, reserved 1157120K
  class space    used 15197K, capacity 16250K, committed 16256K, reserved 1048576K
}
Event: 47.638 GC heap after
{Heap after GC invocations=144 (full 0):
 garbage-first heap   total 221184K, used 181257K [0x0000000080000000, 0x0000000100000000)
  region size 1024K, 1 young (1024K), 1 survivors (1024K)
 Metaspace       used 120137K, capacity 123056K, committed 123184K, reserved 1157120K
  class space    used 15197K, capacity 16250K, committed 16256K, reserved 1048576K
}
Event: 49.372 GC heap before
{Heap before GC invocations=145 (full 0):
 garbage-first heap   total 221184K, used 194569K [0x0000000080000000, 0x0000000100000000)
  region size 1024K, 14 young (14336K), 1 survivors (1024K)
 Metaspace       used 121582K, capacity 124654K, committed 124976K, reserved 1157120K
  class space    used 15374K, capacity 16436K, committed 16512K, reserved 1048576K
}
Event: 49.375 GC heap after
{Heap after GC invocations=146 (full 0):
 garbage-first heap   total 221184K, used 181912K [0x0000000080000000, 0x0000000100000000)
  region size 1024K, 2 young (2048K), 2 survivors (2048K)
 Metaspace       used 121582K, capacity 124654K, committed 124976K, reserved 1157120K
  class space    used 15374K, capacity 16436K, committed 16512K, reserved 1048576K
}
Event: 91.939 GC heap before
{Heap before GC invocations=146 (full 0):
 garbage-first heap   total 221184K, used 193176K [0x0000000080000000, 0x0000000100000000)
  region size 1024K, 14 young (14336K), 2 survivors (2048K)
 Metaspace       used 124299K, capacity 127324K, committed 127408K, reserved 1161216K
  class space    used 15540K, capacity 16598K, committed 16640K, reserved 1048576K
}
Event: 91.942 GC heap after
{Heap after GC invocations=147 (full 0):
 garbage-first heap   total 221184K, used 182283K [0x0000000080000000, 0x0000000100000000)
  region size 1024K, 2 young (2048K), 2 survivors (2048K)
 Metaspace       used 124299K, capacity 127324K, committed 127408K, reserved 1161216K
  class space    used 15540K, capacity 16598K, committed 16640K, reserved 1048576K
}
Event: 92.592 GC heap before
{Heap before GC invocations=148 (full 0):
 garbage-first heap   total 221184K, used 193547K [0x0000000080000000, 0x0000000100000000)
  region size 1024K, 14 young (14336K), 2 survivors (2048K)
 Metaspace       used 124556K, capacity 127649K, committed 127792K, reserved 1161216K
  class space    used 15568K, capacity 16644K, committed 16768K, reserved 1048576K
}
Event: 92.595 GC heap after
{Heap after GC invocations=149 (full 0):
 garbage-first heap   total 221184K, used 183965K [0x0000000080000000, 0x0000000100000000)
  region size 1024K, 2 young (2048K), 2 survivors (2048K)
 Metaspace       used 124556K, capacity 127649K, committed 127792K, reserved 1161216K
  class space    used 15568K, capacity 16644K, committed 16768K, reserved 1048576K
}
Event: 92.723 GC heap before
{Heap before GC invocations=149 (full 0):
 garbage-first heap   total 221184K, used 191133K [0x0000000080000000, 0x0000000100000000)
  region size 1024K, 10 young (10240K), 2 survivors (2048K)
 Metaspace       used 124597K, capacity 127718K, committed 128048K, reserved 1161216K
  class space    used 15568K, capacity 16644K, committed 16768K, reserved 1048576K
}
Event: 92.727 GC heap after
{Heap after GC invocations=150 (full 0):
 garbage-first heap   total 221184K, used 184249K [0x0000000080000000, 0x0000000100000000)
  region size 1024K, 1 young (1024K), 1 survivors (1024K)
 Metaspace       used 124597K, capacity 127718K, committed 128048K, reserved 1161216K
  class space    used 15568K, capacity 16644K, committed 16768K, reserved 1048576K
}
Event: 92.892 GC heap before
{Heap before GC invocations=150 (full 0):
 garbage-first heap   total 221184K, used 194489K [0x0000000080000000, 0x0000000100000000)
  region size 1024K, 11 young (11264K), 1 survivors (1024K)
 Metaspace       used 124725K, capacity 127831K, committed 128048K, reserved 1161216K
  class space    used 15577K, capacity 16655K, committed 16768K, reserved 1048576K
}
Event: 92.898 GC heap after
{Heap after GC invocations=151 (full 0):
 garbage-first heap   total 221184K, used 185087K [0x0000000080000000, 0x0000000100000000)
  region size 1024K, 2 young (2048K), 2 survivors (2048K)
 Metaspace       used 124725K, capacity 127831K, committed 128048K, reserved 1161216K
  class space    used 15577K, capacity 16655K, committed 16768K, reserved 1048576K
}
Event: 93.055 GC heap before
{Heap before GC invocations=152 (full 0):
 garbage-first heap   total 221184K, used 194303K [0x0000000080000000, 0x0000000100000000)
  region size 1024K, 11 young (11264K), 2 survivors (2048K)
 Metaspace       used 124998K, capacity 128274K, committed 128560K, reserved 1161216K
  class space    used 15601K, capacity 16736K, committed 16768K, reserved 1048576K
}
Event: 93.059 GC heap after
{Heap after GC invocations=153 (full 0):
 garbage-first heap   total 221184K, used 186243K [0x0000000080000000, 0x0000000100000000)
  region size 1024K, 2 young (2048K), 2 survivors (2048K)
 Metaspace       used 124998K, capacity 128274K, committed 128560K, reserved 1161216K
  class space    used 15601K, capacity 16736K, committed 16768K, reserved 1048576K
}
Event: 93.189 GC heap before
{Heap before GC invocations=153 (full 0):
 garbage-first heap   total 221184K, used 194435K [0x0000000080000000, 0x0000000100000000)
  region size 1024K, 10 young (10240K), 2 survivors (2048K)
 Metaspace       used 125114K, capacity 128444K, committed 128560K, reserved 1161216K
  class space    used 15605K, capacity 16742K, committed 16768K, reserved 1048576K
}
Event: 93.200 GC heap after
{Heap after GC invocations=154 (full 0):
 garbage-first heap   total 221184K, used 177131K [0x0000000080000000, 0x0000000100000000)
  region size 1024K, 2 young (2048K), 2 survivors (2048K)
 Metaspace       used 125114K, capacity 128444K, committed 128560K, reserved 1161216K
  class space    used 15605K, capacity 16742K, committed 16768K, reserved 1048576K
}
Event: 93.255 GC heap before
{Heap before GC invocations=154 (full 0):
 garbage-first heap   total 221184K, used 188395K [0x0000000080000000, 0x0000000100000000)
  region size 1024K, 13 young (13312K), 2 survivors (2048K)
 Metaspace       used 125167K, capacity 128520K, committed 128560K, reserved 1161216K
  class space    used 15606K, capacity 16744K, committed 16768K, reserved 1048576K
}
Event: 93.260 GC heap after
{Heap after GC invocations=155 (full 0):
 garbage-first heap   total 221184K, used 178360K [0x0000000080000000, 0x0000000100000000)
  region size 1024K, 1 young (1024K), 1 survivors (1024K)
 Metaspace       used 125167K, capacity 128520K, committed 128560K, reserved 1161216K
  class space    used 15606K, capacity 16744K, committed 16768K, reserved 1048576K
}
Event: 93.426 GC heap before
{Heap before GC invocations=155 (full 0):
 garbage-first heap   total 221184K, used 188600K [0x0000000080000000, 0x0000000100000000)
  region size 1024K, 12 young (12288K), 1 survivors (1024K)
 Metaspace       used 125322K, capacity 128655K, committed 128816K, reserved 1161216K
  class space    used 15601K, capacity 16719K, committed 16768K, reserved 1048576K
}
Event: 93.429 GC heap after
{Heap after GC invocations=156 (full 0):
 garbage-first heap   total 221184K, used 179964K [0x0000000080000000, 0x0000000100000000)
  region size 1024K, 2 young (2048K), 2 survivors (2048K)
 Metaspace       used 125322K, capacity 128655K, committed 128816K, reserved 1161216K
  class space    used 15601K, capacity 16719K, committed 16768K, reserved 1048576K
}

