# JRE version: OpenJDK Runtime Environment (11.0.13) (build 11.0.13+0-b1751.21-8125866)
# Java VM: OpenJDK 64-Bit Server VM (11.0.13+0-b1751.21-8125866, mixed mode, tiered, compressed oops, g1 gc, windows-amd64)
Heap:
 garbage-first heap   total 220160K, used 184630K [0x0000000080000000, 0x0000000100000000)
  region size 1024K, 3 young (3072K), 2 survivors (2048K)
 Metaspace       used 124955K, capacity 128186K, committed 128384K, reserved 1161216K
  class space    used 15577K, capacity 16686K, committed 16768K, reserved 1048576K
GC Heap History (20 events):
Event: 55.072 GC heap before
{Heap before GC invocations=126 (full 0):
 garbage-first heap   total 220160K, used 192566K [0x0000000080000000, 0x0000000100000000)
  region size 1024K, 13 young (13312K), 2 survivors (2048K)
 Metaspace       used 119249K, capacity 122163K, committed 122368K, reserved 1155072K
  class space    used 15029K, capacity 16075K, committed 16128K, reserved 1048576K
}
Event: 55.075 GC heap after
{Heap after GC invocations=127 (full 0):
 garbage-first heap   total 220160K, used 182816K [0x0000000080000000, 0x0000000100000000)
  region size 1024K, 2 young (2048K), 2 survivors (2048K)
 Metaspace       used 119249K, capacity 122163K, committed 122368K, reserved 1155072K
  class space    used 15029K, capacity 16075K, committed 16128K, reserved 1048576K
}
Event: 57.227 GC heap before
{Heap before GC invocations=128 (full 0):
 garbage-first heap   total 220160K, used 194080K [0x0000000080000000, 0x0000000100000000)
  region size 1024K, 13 young (13312K), 2 survivors (2048K)
 Metaspace       used 119468K, capacity 122399K, committed 122624K, reserved 1155072K
  class space    used 15049K, capacity 16119K, committed 16128K, reserved 1048576K
}
Event: 57.230 GC heap after
{Heap after GC invocations=129 (full 0):
 garbage-first heap   total 220160K, used 183487K [0x0000000080000000, 0x0000000100000000)
  region size 1024K, 2 young (2048K), 2 survivors (2048K)
 Metaspace       used 119468K, capacity 122399K, committed 122624K, reserved 1155072K
  class space    used 15049K, capacity 16119K, committed 16128K, reserved 1048576K
}
Event: 57.396 GC heap before
{Heap before GC invocations=129 (full 0):
 garbage-first heap   total 220160K, used 193727K [0x0000000080000000, 0x0000000100000000)
  region size 1024K, 12 young (12288K), 2 survivors (2048K)
 Metaspace       used 119770K, capacity 122796K, committed 123008K, reserved 1157120K
  class space    used 15101K, capacity 16139K, committed 16256K, reserved 1048576K
}
Event: 57.401 GC heap after
{Heap after GC invocations=130 (full 0):
 garbage-first heap   total 220160K, used 184435K [0x0000000080000000, 0x0000000100000000)
  region size 1024K, 2 young (2048K), 2 survivors (2048K)
 Metaspace       used 119770K, capacity 122796K, committed 123008K, reserved 1157120K
  class space    used 15101K, capacity 16139K, committed 16256K, reserved 1048576K
}
Event: 57.484 GC heap before
{Heap before GC invocations=130 (full 0):
 garbage-first heap   total 220160K, used 193651K [0x0000000080000000, 0x0000000100000000)
  region size 1024K, 11 young (11264K), 2 survivors (2048K)
 Metaspace       used 119927K, capacity 122956K, committed 123264K, reserved 1157120K
  class space    used 15126K, capacity 16171K, committed 16256K, reserved 1048576K
}
Event: 57.487 GC heap after
{Heap after GC invocations=131 (full 0):
 garbage-first heap   total 220160K, used 184596K [0x0000000080000000, 0x0000000100000000)
  region size 1024K, 1 young (1024K), 1 survivors (1024K)
 Metaspace       used 119927K, capacity 122956K, committed 123264K, reserved 1157120K
  class space    used 15126K, capacity 16171K, committed 16256K, reserved 1048576K
}
Event: 57.525 GC heap before
{Heap before GC invocations=131 (full 0):
 garbage-first heap   total 220160K, used 193812K [0x0000000080000000, 0x0000000100000000)
  region size 1024K, 10 young (10240K), 1 survivors (1024K)
 Metaspace       used 120252K, capacity 123244K, committed 123520K, reserved 1157120K
  class space    used 15156K, capacity 16203K, committed 16256K, reserved 1048576K
}
Event: 57.526 GC heap after
{Heap after GC invocations=132 (full 0):
 garbage-first heap   total 220160K, used 184548K [0x0000000080000000, 0x0000000100000000)
  region size 1024K, 1 young (1024K), 1 survivors (1024K)
 Metaspace       used 120252K, capacity 123244K, committed 123520K, reserved 1157120K
  class space    used 15156K, capacity 16203K, committed 16256K, reserved 1048576K
}
Event: 57.602 GC heap before
{Heap before GC invocations=132 (full 0):
 garbage-first heap   total 220160K, used 193764K [0x0000000080000000, 0x0000000100000000)
  region size 1024K, 10 young (10240K), 1 survivors (1024K)
 Metaspace       used 120542K, capacity 123532K, committed 123776K, reserved 1157120K
  class space    used 15201K, capacity 16235K, committed 16256K, reserved 1048576K
}
Event: 57.603 GC heap after
{Heap after GC invocations=133 (full 0):
 garbage-first heap   total 220160K, used 184499K [0x0000000080000000, 0x0000000100000000)
  region size 1024K, 1 young (1024K), 1 survivors (1024K)
 Metaspace       used 120542K, capacity 123532K, committed 123776K, reserved 1157120K
  class space    used 15201K, capacity 16235K, committed 16256K, reserved 1048576K
}
Event: 57.837 GC heap before
{Heap before GC invocations=134 (full 0):
 garbage-first heap   total 220160K, used 193715K [0x0000000080000000, 0x0000000100000000)
  region size 1024K, 10 young (10240K), 1 survivors (1024K)
 Metaspace       used 120952K, capacity 124010K, committed 124160K, reserved 1157120K
  class space    used 15258K, capacity 16288K, committed 16384K, reserved 1048576K
}
Event: 57.838 GC heap after
{Heap after GC invocations=135 (full 0):
 garbage-first heap   total 220160K, used 184794K [0x0000000080000000, 0x0000000100000000)
  region size 1024K, 1 young (1024K), 1 survivors (1024K)
 Metaspace       used 120952K, capacity 124010K, committed 124160K, reserved 1157120K
  class space    used 15258K, capacity 16288K, committed 16384K, reserved 1048576K
}
Event: 59.472 GC heap before
{Heap before GC invocations=135 (full 0):
 garbage-first heap   total 220160K, used 194010K [0x0000000080000000, 0x0000000100000000)
  region size 1024K, 10 young (10240K), 1 survivors (1024K)
 Metaspace       used 121980K, capacity 125194K, committed 125312K, reserved 1159168K
  class space    used 15370K, capacity 16485K, committed 16512K, reserved 1048576K
}
Event: 59.476 GC heap after
{Heap after GC invocations=136 (full 0):
 garbage-first heap   total 220160K, used 185364K [0x0000000080000000, 0x0000000100000000)
  region size 1024K, 1 young (1024K), 1 survivors (1024K)
 Metaspace       used 121980K, capacity 125194K, committed 125312K, reserved 1159168K
  class space    used 15370K, capacity 16485K, committed 16512K, reserved 1048576K
}
Event: 61.000 GC heap before
{Heap before GC invocations=137 (full 0):
 garbage-first heap   total 220160K, used 193556K [0x0000000080000000, 0x0000000100000000)
  region size 1024K, 10 young (10240K), 1 survivors (1024K)
 Metaspace       used 123881K, capacity 127114K, committed 127232K, reserved 1159168K
  class space    used 15519K, capacity 16613K, committed 16640K, reserved 1048576K
}
Event: 61.002 GC heap after
{Heap after GC invocations=138 (full 0):
 garbage-first heap   total 220160K, used 185242K [0x0000000080000000, 0x0000000100000000)
  region size 1024K, 1 young (1024K), 1 survivors (1024K)
 Metaspace       used 123881K, capacity 127114K, committed 127232K, reserved 1159168K
  class space    used 15519K, capacity 16613K, committed 16640K, reserved 1048576K
}
Event: 262.309 GC heap before
{Heap before GC invocations=138 (full 0):
 garbage-first heap   total 220160K, used 194458K [0x0000000080000000, 0x0000000100000000)
  region size 1024K, 10 young (10240K), 1 survivors (1024K)
 Metaspace       used 124939K, capacity 128183K, committed 128384K, reserved 1161216K
  class space    used 15576K, capacity 16685K, committed 16768K, reserved 1048576K
}
Event: 262.369 GC heap after
{Heap after GC invocations=139 (full 0):
 garbage-first heap   total 220160K, used 184630K [0x0000000080000000, 0x0000000100000000)
  region size 1024K, 2 young (2048K), 2 survivors (2048K)
 Metaspace       used 124939K, capacity 128183K, committed 128384K, reserved 1161216K
  class space    used 15576K, capacity 16685K, committed 16768K, reserved 1048576K
}

